<?xml version="1.0" encoding="UTF-8"?>
<!-- Generated by org.testng.reporters.JUnitReportReporter -->
<testsuite hostname="Abishek" failures="0" tests="1" name="testNG.Class1" time="0.018" errors="0" timestamp="2022-06-28T09:55:03 IST" skipped="0">
  <testcase classname="testNG.Class1" name="Day2" time="0.018"/>
  <system-out/>
</testsuite> <!-- testNG.Class1 -->
