<?xml version="1.0" encoding="UTF-8"?>
<!-- Generated by org.testng.reporters.JUnitReportReporter -->
<testsuite hostname="Abishek" failures="0" tests="1" name="testNG.Class2" time="0.004" errors="0" timestamp="2022-06-28T09:55:03 IST" skipped="0">
  <testcase classname="testNG.Class2" name="Day3" time="0.004"/>
  <system-out/>
</testsuite> <!-- testNG.Class2 -->
